nohup: ignoring input
Fitting 1 folds for each of 36 candidates, totalling 36 fits
bst: SVC(C=1, gamma=10, probability=True, random_state=2)
test accuracy:  0.982
accuracy:0.982
confusion: [[20  0]
 [ 1 36]]
Precision: 1.000
Recall/sensitivity: 0.973
Specificity: 1.000
F1_score: 0.986
report:               precision    recall  f1-score   support

           0       0.95      1.00      0.98        20
           1       1.00      0.97      0.99        37

    accuracy                           0.98        57
   macro avg       0.98      0.99      0.98        57
weighted avg       0.98      0.98      0.98        57

aupr: 1.000
auroc: 1.000
[CV 1/1; 16/36] START C=0.1, gamma=1............................................
[CV 1/1; 16/36] END .............C=0.1, gamma=1;, score=0.930 total time=   0.2s
[CV 1/1; 1/36] START C=0.001, gamma=0.001.......................................
[CV 1/1; 1/36] END ........C=0.001, gamma=0.001;, score=0.553 total time=   0.1s
[CV 1/1; 2/36] START C=0.001, gamma=0.01........................................
[CV 1/1; 2/36] END .........C=0.001, gamma=0.01;, score=0.553 total time=   0.2s
[CV 1/1; 35/36] START C=100, gamma=10...........................................
[CV 1/1; 35/36] END ............C=100, gamma=10;, score=0.939 total time=   0.0s
[CV 1/1; 14/36] START C=0.1, gamma=0.01.........................................
[CV 1/1; 14/36] END ..........C=0.1, gamma=0.01;, score=0.553 total time=   0.1s
[CV 1/1; 5/36] START C=0.001, gamma=10..........................................
[CV 1/1; 5/36] END ...........C=0.001, gamma=10;, score=0.553 total time=   0.1s
[CV 1/1; 15/36] START C=0.1, gamma=0.1..........................................
[CV 1/1; 15/36] END ...........C=0.1, gamma=0.1;, score=0.553 total time=   0.1s
[CV 1/1; 4/36] START C=0.001, gamma=1...........................................
[CV 1/1; 4/36] END ............C=0.001, gamma=1;, score=0.553 total time=   0.1s
[CV 1/1; 17/36] START C=0.1, gamma=10...........................................
[CV 1/1; 17/36] END ............C=0.1, gamma=10;, score=0.912 total time=   0.1s
[CV 1/1; 10/36] START C=0.01, gamma=1...........................................
[CV 1/1; 10/36] END ............C=0.01, gamma=1;, score=0.553 total time=   0.1s
[CV 1/1; 23/36] START C=1, gamma=10.............................................
[CV 1/1; 23/36] END ..............C=1, gamma=10;, score=0.939 total time=   0.0s
[CV 1/1; 20/36] START C=1, gamma=0.01...........................................
[CV 1/1; 20/36] END ............C=1, gamma=0.01;, score=0.553 total time=   0.1s
[CV 1/1; 26/36] START C=10, gamma=0.01..........................................
[CV 1/1; 26/36] END ...........C=10, gamma=0.01;, score=0.930 total time=   0.1s
[CV 1/1; 9/36] START C=0.01, gamma=0.1..........................................
[CV 1/1; 9/36] END ...........C=0.01, gamma=0.1;, score=0.553 total time=   0.1s
[CV 1/1; 27/36] START C=10, gamma=0.1...........................................
[CV 1/1; 27/36] END ............C=10, gamma=0.1;, score=0.912 total time=   0.0s
[CV 1/1; 8/36] START C=0.01, gamma=0.01.........................................
[CV 1/1; 8/36] END ..........C=0.01, gamma=0.01;, score=0.553 total time=   0.1s
[CV 1/1; 7/36] START C=0.01, gamma=0.001........................................
[CV 1/1; 7/36] END .........C=0.01, gamma=0.001;, score=0.553 total time=   0.1s
[CV 1/1; 24/36] START C=1, gamma=100............................................
[CV 1/1; 24/36] END .............C=1, gamma=100;, score=0.930 total time=   0.1s
[CV 1/1; 21/36] START C=1, gamma=0.1............................................
[CV 1/1; 21/36] END .............C=1, gamma=0.1;, score=0.930 total time=   0.1s
[CV 1/1; 3/36] START C=0.001, gamma=0.1.........................................
[CV 1/1; 3/36] END ..........C=0.001, gamma=0.1;, score=0.553 total time=   0.1s
[CV 1/1; 12/36] START C=0.01, gamma=100.........................................
[CV 1/1; 12/36] END ..........C=0.01, gamma=100;, score=0.553 total time=   0.1s
[CV 1/1; 13/36] START C=0.1, gamma=0.001........................................
[CV 1/1; 13/36] END .........C=0.1, gamma=0.001;, score=0.553 total time=   0.1s
[CV 1/1; 11/36] START C=0.01, gamma=10..........................................
[CV 1/1; 11/36] END ...........C=0.01, gamma=10;, score=0.886 total time=   0.1s
[CV 1/1; 18/36] START C=0.1, gamma=100..........................................
[CV 1/1; 18/36] END ...........C=0.1, gamma=100;, score=0.912 total time=   0.1s
[CV 1/1; 28/36] START C=10, gamma=1.............................................
[CV 1/1; 28/36] END ..............C=10, gamma=1;, score=0.930 total time=   0.0s
[CV 1/1; 33/36] START C=100, gamma=0.1..........................................
[CV 1/1; 33/36] END ...........C=100, gamma=0.1;, score=0.921 total time=   0.0s
[CV 1/1; 6/36] START C=0.001, gamma=100.........................................
[CV 1/1; 6/36] END ..........C=0.001, gamma=100;, score=0.553 total time=   0.1s
[CV 1/1; 22/36] START C=1, gamma=1..............................................
[CV 1/1; 22/36] END ...............C=1, gamma=1;, score=0.912 total time=   0.0s
[CV 1/1; 29/36] START C=10, gamma=10............................................
[CV 1/1; 29/36] END .............C=10, gamma=10;, score=0.930 total time=   0.0s
[CV 1/1; 30/36] START C=10, gamma=100...........................................
[CV 1/1; 30/36] END ............C=10, gamma=100;, score=0.921 total time=   0.1s
[CV 1/1; 31/36] START C=100, gamma=0.001........................................
[CV 1/1; 31/36] END .........C=100, gamma=0.001;, score=0.930 total time=   0.1s
[CV 1/1; 32/36] START C=100, gamma=0.01.........................................
[CV 1/1; 32/36] END ..........C=100, gamma=0.01;, score=0.912 total time=   0.0s
[CV 1/1; 25/36] START C=10, gamma=0.001.........................................
[CV 1/1; 25/36] END ..........C=10, gamma=0.001;, score=0.553 total time=   0.1s
[CV 1/1; 34/36] START C=100, gamma=1............................................
[CV 1/1; 34/36] END .............C=100, gamma=1;, score=0.930 total time=   0.0s
[CV 1/1; 36/36] START C=100, gamma=100..........................................
[CV 1/1; 36/36] END ...........C=100, gamma=100;, score=0.921 total time=   0.1s
[CV 1/1; 19/36] START C=1, gamma=0.001..........................................
[CV 1/1; 19/36] END ...........C=1, gamma=0.001;, score=0.553 total time=   0.1s
